<?xml version="1.0" encoding="UTF-8"?>
<!-- Generated by org.testng.reporters.JUnitReportReporter -->
<testsuite skipped="0" hostname="SMT-CPU-152" name="com.smarteinc.api.tests.DirectDialTest" tests="5" failures="0" timestamp="05 Dec 2020 21:10:30 GMT" time="226882.719" errors="0">
  <testcase name="DirectdialTest2" time="44743.273" classname="com.smarteinc.api.tests.DirectDialTest"/>
  <testcase name="DirectdialTest5" time="48659.938" classname="com.smarteinc.api.tests.DirectDialTest"/>
  <testcase name="DirectdialTest4" time="44249.242" classname="com.smarteinc.api.tests.DirectDialTest"/>
  <testcase name="DirectdialTest1" time="44590.016" classname="com.smarteinc.api.tests.DirectDialTest"/>
  <testcase name="DirectdialTest3" time="44640.246" classname="com.smarteinc.api.tests.DirectDialTest"/>
</testsuite> <!-- com.smarteinc.api.tests.DirectDialTest -->
